<?xml version="1.0" encoding="UTF-8"?>
<!-- Generated by org.testng.reporters.JUnitReportReporter -->
<testsuite hostname="LAPTOP-ILOC8T9P" failures="0" tests="4" name="testNG.Test_testNG" time="0.030" errors="0" timestamp="2023-04-12T11:46:29 IST" skipped="0">
  <testcase classname="testNG.Test_testNG" name="test3" time="0.024"/>
  <system-out/>
  <testcase classname="testNG.Test_testNG" name="test2" time="0.002"/>
  <system-out/>
  <testcase classname="testNG.Test_testNG" name="test4" time="0.002"/>
  <system-out/>
  <testcase classname="testNG.Test_testNG" name="test1" time="0.002"/>
  <system-out/>
</testsuite> <!-- testNG.Test_testNG -->
