<?xml version="1.0" encoding="UTF-8"?>
<!-- Generated by org.testng.reporters.JUnitReportReporter -->
<testsuite hostname="LAPTOP-ILOC8T9P" failures="0" tests="2" name="extentReport.Alert_extent_report_luminoex" time="9.954" errors="0" timestamp="2023-04-19T10:20:27 IST" skipped="0">
  <testcase classname="extentReport.Alert_extent_report_luminoex" name="driverSetting" time="7.118"/>
  <system-out/>
  <testcase classname="extentReport.Alert_extent_report_luminoex" name="testAlert" time="2.836"/>
  <system-out/>
</testsuite> <!-- extentReport.Alert_extent_report_luminoex -->
