<?xml version="1.0" encoding="UTF-8"?>
<!-- Generated by org.testng.reporters.JUnitReportReporter -->
<testsuite hostname="LAPTOP-ILOC8T9P" failures="0" tests="3" name="extentReport.Alert_extent_report" time="10.279" errors="0" timestamp="2023-04-18T11:55:31 IST" skipped="0">
  <testcase classname="extentReport.Alert_extent_report" name="driverSetting" time="7.356"/>
  <system-out/>
  <testcase classname="extentReport.Alert_extent_report" name="testAlert" time="2.407"/>
  <system-out/>
  <testcase classname="extentReport.Alert_extent_report" name="m1" time="0.516"/>
  <system-out/>
</testsuite> <!-- extentReport.Alert_extent_report -->
