<?xml version="1.0" encoding="UTF-8"?>
<!-- Generated by org.testng.reporters.JUnitReportReporter -->
<testsuite hostname="LAPTOP-ILOC8T9P" failures="0" tests="2" name="testNG.TestSuite" time="0.020" errors="0" timestamp="2023-04-14T11:44:41 IST" skipped="0">
  <testcase classname="testNG.TestSuite" name="enterUrl2" time="0.018"/>
  <system-out/>
  <testcase classname="testNG.TestSuite" name="enterUrl1" time="0.002"/>
  <system-out/>
</testsuite> <!-- testNG.TestSuite -->
