<?xml version="1.0" encoding="UTF-8"?>
<!-- Generated by org.testng.reporters.JUnitReportReporter -->
<testsuite hostname="LAPTOP-ILOC8T9P" failures="0" tests="3" name="testNG.Data_provider" time="0.014" errors="0" timestamp="2023-05-11T19:33:04 IST" skipped="0">
  <testcase classname="testNG.Data_provider" name="test1" time="0.001"/>
  <system-out/>
  <testcase classname="testNG.Data_provider" name="test" time="0.011"/>
  <system-out/>
  <testcase classname="testNG.Data_provider" name="test3" time="0.002"/>
  <system-out/>
</testsuite> <!-- testNG.Data_provider -->
