<?xml version="1.0" encoding="UTF-8"?>
<!-- Generated by org.testng.reporters.JUnitReportReporter -->
<testsuite hostname="LAPTOP-ILOC8T9P" failures="0" tests="2" name="testNG.TestNG1" time="0.024" errors="0" timestamp="2023-04-14T11:34:33 IST" skipped="0">
  <testcase classname="testNG.TestNG1" name="enterUrl2" time="0.006"/>
  <system-out/>
  <testcase classname="testNG.TestNG1" name="enterUrl" time="0.018"/>
  <system-out/>
</testsuite> <!-- testNG.TestNG1 -->
